Versiomuutokset     v2.02

v2.02
-tyhjät jakolaskut poistetaan

v2.01
-Korjattu yhtälöryhmät
-lisätty itseisarvo


v2.0
-Uusi pikakääntötila
-luotu uusia valikoita; tiedosto, asetukset, muuta, ulkonäkö
-virhekoodit siirretty tiedosto -valikkoon
-uutta! laskentatilat; matematiikka, fysiikka ja geometria
-laskentatilat muuttavat merkkimuutoksia
-valitut asetukset tallentuvat 
-ohjeet saatavilla helpommin "muuta"- valikosta
-versiomuutokset voi nähdä nyt "tiedosto"- valikosta


v1.1
-Luotu "ulkonäkö" tiedosto, jossa pystyy muokkaamaan kääntäjän värejä
-Virhekoodien tarkoituksia voi katselmoida suoraan ohjelmasta
-Paranneltu L'math:in tekstivärin poistoa
-Turhat aaltosulkeet voi nyt poistaa  
-Muokattu merkkien muutoksia


v1.0
Ensimmäinen julkaisu